[2020-04-09T15:33:30.375] [DEBUG] cheese - login => username:admin,password:123456
[2020-04-09T15:33:30.377] [DEBUG] cheese - admin
[2020-04-09T15:33:30.737] [DEBUG] cheese - null
[2020-04-09T15:33:30.738] [DEBUG] cheese - null
[2020-04-09T15:33:50.410] [DEBUG] cheese - login => username:admin,password:1234
[2020-04-09T15:33:50.410] [DEBUG] cheese - admin
[2020-04-09T15:33:50.414] [DEBUG] cheese - null
[2020-04-09T15:33:50.414] [DEBUG] cheese - null
[2020-04-09T15:33:54.703] [DEBUG] cheese - login => username:admin,password:123456
[2020-04-09T15:33:54.703] [DEBUG] cheese - admin
[2020-04-09T15:33:54.706] [DEBUG] cheese - null
[2020-04-09T15:33:54.706] [DEBUG] cheese - null
[2020-04-09T15:34:28.739] [DEBUG] cheese - login => username:admin,password:123456
[2020-04-09T15:34:28.739] [DEBUG] cheese - admin
[2020-04-09T15:34:29.746] [DEBUG] cheese - { inspect: [Function: inspect] }
[2020-04-09T15:34:29.749] [DEBUG] cheese - 查询失败
[2020-04-09T15:34:33.032] [DEBUG] cheese - login => username:admin,password:123456
[2020-04-09T15:34:33.032] [DEBUG] cheese - admin
[2020-04-09T15:34:34.038] [DEBUG] cheese - { inspect: [Function: inspect] }
[2020-04-09T15:34:34.038] [DEBUG] cheese - 查询失败
[2020-04-09T15:34:42.734] [DEBUG] cheese - login => username:admin,password:123456
[2020-04-09T15:34:42.734] [DEBUG] cheese - admin
[2020-04-09T15:34:42.810] [DEBUG] cheese - null
[2020-04-09T15:34:42.810] [DEBUG] cheese - null
[2020-04-09T15:47:12.533] [DEBUG] cheese - login => username:ad1111,password:123456
[2020-04-09T15:47:12.533] [DEBUG] cheese - ad1111
[2020-04-09T15:47:12.536] [DEBUG] cheese - null
[2020-04-09T15:47:12.536] [DEBUG] cheese - null
[2020-04-09T15:47:16.991] [DEBUG] cheese - login => username:admin,password:123456
[2020-04-09T15:47:16.991] [DEBUG] cheese - admin
[2020-04-09T15:47:16.994] [DEBUG] cheese - null
[2020-04-09T15:47:16.994] [DEBUG] cheese - null
[2020-04-09T15:47:18.801] [DEBUG] cheese - login => username:admin,password:123456
[2020-04-09T15:47:18.801] [DEBUG] cheese - admin
[2020-04-09T15:47:18.802] [DEBUG] cheese - null
[2020-04-09T15:47:18.802] [DEBUG] cheese - null
[2020-04-09T15:47:21.113] [DEBUG] cheese - login => username:admin,password:123456dd
[2020-04-09T15:47:21.113] [DEBUG] cheese - admin
[2020-04-09T15:47:21.117] [DEBUG] cheese - null
[2020-04-09T15:47:21.118] [DEBUG] cheese - null
[2020-04-09T15:47:25.193] [DEBUG] cheese - login => username:admin,password:123456
[2020-04-09T15:47:25.193] [DEBUG] cheese - admin
[2020-04-09T15:47:25.195] [DEBUG] cheese - null
[2020-04-09T15:47:25.195] [DEBUG] cheese - null
[2020-04-09T15:59:40.788] [DEBUG] cheese - login => username:ad222,password:123456
[2020-04-09T15:59:40.788] [DEBUG] cheese - ad222
[2020-04-09T15:59:40.790] [DEBUG] cheese - null
[2020-04-09T15:59:40.790] [DEBUG] cheese - null
[2020-04-09T15:59:48.494] [DEBUG] cheese - login => username:admin,password:123456
[2020-04-09T15:59:48.494] [DEBUG] cheese - admin
[2020-04-09T15:59:48.496] [DEBUG] cheese - null
[2020-04-09T15:59:48.496] [DEBUG] cheese - null
[2020-04-09T15:59:50.795] [DEBUG] cheese - login => username:admin,password:123456
[2020-04-09T15:59:50.796] [DEBUG] cheese - admin
[2020-04-09T15:59:50.798] [DEBUG] cheese - null
[2020-04-09T15:59:50.798] [DEBUG] cheese - null
[2020-04-09T15:59:51.795] [DEBUG] cheese - login => username:admin,password:123456
[2020-04-09T15:59:51.796] [DEBUG] cheese - admin
[2020-04-09T15:59:51.798] [DEBUG] cheese - null
[2020-04-09T15:59:51.798] [DEBUG] cheese - null
[2020-04-09T15:59:54.093] [DEBUG] cheese - login => username:admin,password:123456d
[2020-04-09T15:59:54.093] [DEBUG] cheese - admin
[2020-04-09T15:59:54.095] [DEBUG] cheese - null
[2020-04-09T15:59:54.095] [DEBUG] cheese - null
[2020-04-09T16:00:18.170] [DEBUG] cheese - login => username:sdada,password:a
[2020-04-09T16:00:18.170] [DEBUG] cheese - sdada
[2020-04-09T16:00:18.172] [DEBUG] cheese - null
[2020-04-09T16:00:18.172] [DEBUG] cheese - null
[2020-04-09T16:00:20.435] [DEBUG] cheese - login => username:sdada,password:a
[2020-04-09T16:00:20.435] [DEBUG] cheese - sdada
[2020-04-09T16:00:20.437] [DEBUG] cheese - null
[2020-04-09T16:00:20.437] [DEBUG] cheese - null
[2020-04-09T16:01:27.848] [DEBUG] cheese - login => username:1111,password:dsdsdasdasda
[2020-04-09T16:01:27.848] [DEBUG] cheese - 1111
[2020-04-09T16:01:27.850] [DEBUG] cheese - null
[2020-04-09T16:01:27.851] [DEBUG] cheese - null
[2020-04-09T16:43:55.111] [DEBUG] cheese - login => username:admin,password:123456
[2020-04-09T16:43:55.112] [DEBUG] cheese - admin
[2020-04-09T16:43:56.123] [DEBUG] cheese - { inspect: [Function: inspect] }
[2020-04-09T16:43:56.124] [DEBUG] cheese - 查询失败
[2020-04-12T13:32:15.534] [DEBUG] cheese - login => username:1111111,password:1111111
[2020-04-12T13:32:15.538] [DEBUG] cheese - 1111111
[2020-04-12T13:32:15.644] [DEBUG] cheese - null
[2020-04-12T13:32:15.645] [DEBUG] cheese - null
[2020-04-12T13:32:17.760] [DEBUG] cheese - login => username:1111111,password:11111111
[2020-04-12T13:32:17.760] [DEBUG] cheese - 1111111
[2020-04-12T13:32:17.763] [DEBUG] cheese - null
[2020-04-12T13:32:17.763] [DEBUG] cheese - null
[2020-04-12T13:32:26.402] [DEBUG] cheese - login => username:admin,password:123456
[2020-04-12T13:32:26.402] [DEBUG] cheese - admin
[2020-04-12T13:32:26.408] [DEBUG] cheese - null
[2020-04-12T13:32:26.408] [DEBUG] cheese - null
[2020-04-12T13:32:29.655] [DEBUG] cheese - login => username:admin,password:1234561
[2020-04-12T13:32:29.656] [DEBUG] cheese - admin
[2020-04-12T13:32:29.658] [DEBUG] cheese - null
[2020-04-12T13:32:29.658] [DEBUG] cheese - null
[2020-04-12T13:32:31.128] [DEBUG] cheese - login => username:admin,password:1234561
[2020-04-12T13:32:31.128] [DEBUG] cheese - admin
[2020-04-12T13:32:31.131] [DEBUG] cheese - null
[2020-04-12T13:32:31.131] [DEBUG] cheese - null
[2020-04-12T13:32:33.608] [DEBUG] cheese - login => username:admin,password:123456
[2020-04-12T13:32:33.608] [DEBUG] cheese - admin
[2020-04-12T13:32:33.610] [DEBUG] cheese - null
[2020-04-12T13:32:33.610] [DEBUG] cheese - null
[2020-04-12T13:41:41.415] [DEBUG] cheese - login => username:admin,password:123456
[2020-04-12T13:41:41.415] [DEBUG] cheese - admin
[2020-04-12T13:41:41.417] [DEBUG] cheese - null
[2020-04-12T13:41:41.417] [DEBUG] cheese - null
[2020-04-12T13:41:52.189] [DEBUG] cheese - login => username:admin,password:123456
[2020-04-12T13:41:52.189] [DEBUG] cheese - admin
[2020-04-12T13:41:52.191] [DEBUG] cheese - null
[2020-04-12T13:41:52.191] [DEBUG] cheese - null
[2020-04-12T13:47:09.859] [DEBUG] cheese - login => username:admin,password:123456
[2020-04-12T13:47:09.859] [DEBUG] cheese - admin
[2020-04-12T13:47:09.861] [DEBUG] cheese - null
[2020-04-12T13:47:09.861] [DEBUG] cheese - null
[2020-04-12T13:48:50.847] [DEBUG] cheese - login => username:admin,password:123456
[2020-04-12T13:48:50.847] [DEBUG] cheese - admin
[2020-04-12T13:48:50.848] [DEBUG] cheese - null
[2020-04-12T13:48:50.849] [DEBUG] cheese - null
[2020-04-12T13:50:06.654] [DEBUG] cheese - login => username:admin,password:123456
[2020-04-12T13:50:06.654] [DEBUG] cheese - admin
[2020-04-12T13:50:06.656] [DEBUG] cheese - null
[2020-04-12T13:50:06.656] [DEBUG] cheese - null
[2020-04-12T13:50:53.907] [DEBUG] cheese - login => username:admin,password:123456
[2020-04-12T13:50:53.907] [DEBUG] cheese - admin
[2020-04-12T13:50:53.909] [DEBUG] cheese - null
[2020-04-12T13:50:53.909] [DEBUG] cheese - null
[2020-04-12T13:50:58.774] [DEBUG] cheese - login => username:admin,password:123456
[2020-04-12T13:50:58.774] [DEBUG] cheese - admin
[2020-04-12T13:50:58.775] [DEBUG] cheese - null
[2020-04-12T13:50:58.776] [DEBUG] cheese - null
[2020-04-12T13:52:03.066] [DEBUG] cheese - login => username:admin,password:123456
[2020-04-12T13:52:03.066] [DEBUG] cheese - admin
[2020-04-12T13:52:03.068] [DEBUG] cheese - null
[2020-04-12T13:52:03.068] [DEBUG] cheese - null
[2020-04-12T13:56:55.401] [DEBUG] cheese - login => username:admin,password:123456
[2020-04-12T13:56:55.401] [DEBUG] cheese - admin
[2020-04-12T13:56:55.403] [DEBUG] cheese - null
[2020-04-12T13:56:55.403] [DEBUG] cheese - null
[2020-04-12T14:13:49.622] [DEBUG] cheese - login => username:admin,password:12345611
[2020-04-12T14:13:49.622] [DEBUG] cheese - admin
[2020-04-12T14:13:49.626] [DEBUG] cheese - null
[2020-04-12T14:13:49.626] [DEBUG] cheese - null
[2020-04-12T14:13:55.176] [DEBUG] cheese - login => username:admin,password:123456
[2020-04-12T14:13:55.177] [DEBUG] cheese - admin
[2020-04-12T14:13:55.179] [DEBUG] cheese - null
[2020-04-12T14:13:55.179] [DEBUG] cheese - null
[2020-04-12T14:47:34.486] [DEBUG] cheese - login => username:admin,password:123456
[2020-04-12T14:47:34.487] [DEBUG] cheese - admin
[2020-04-12T14:47:34.491] [DEBUG] cheese - null
[2020-04-12T14:47:34.491] [DEBUG] cheese - null
[2020-04-12T14:47:56.109] [DEBUG] cheese - login => username:admin,password:123456
[2020-04-12T14:47:56.109] [DEBUG] cheese - admin
[2020-04-12T14:47:56.111] [DEBUG] cheese - null
[2020-04-12T14:47:56.111] [DEBUG] cheese - null
[2020-04-12T14:48:00.246] [DEBUG] cheese - login => username:admin,password:123456
[2020-04-12T14:48:00.246] [DEBUG] cheese - admin
[2020-04-12T14:48:00.248] [DEBUG] cheese - null
[2020-04-12T14:48:00.249] [DEBUG] cheese - null
[2020-04-12T15:00:39.845] [DEBUG] cheese - login => username:admin,password:123456
[2020-04-12T15:00:39.846] [DEBUG] cheese - admin
[2020-04-12T15:00:39.877] [DEBUG] cheese - null
[2020-04-12T15:00:39.878] [DEBUG] cheese - null
[2020-04-12T15:00:55.729] [DEBUG] cheese - login => username:admin,password:123456
[2020-04-12T15:00:55.730] [DEBUG] cheese - admin
[2020-04-12T15:00:55.732] [DEBUG] cheese - null
[2020-04-12T15:00:55.732] [DEBUG] cheese - null
[2020-04-12T15:01:59.922] [DEBUG] cheese - login => username:admin,password:123456
[2020-04-12T15:01:59.922] [DEBUG] cheese - admin
[2020-04-12T15:01:59.924] [DEBUG] cheese - null
[2020-04-12T15:01:59.924] [DEBUG] cheese - null
[2020-04-12T15:02:05.926] [DEBUG] cheese - login => username:admin,password:123456
[2020-04-12T15:02:05.926] [DEBUG] cheese - admin
[2020-04-12T15:02:05.930] [DEBUG] cheese - null
[2020-04-12T15:02:05.930] [DEBUG] cheese - null
[2020-04-12T16:14:21.078] [DEBUG] cheese - login => username:admin,password:123456
[2020-04-12T16:14:21.079] [DEBUG] cheese - admin
[2020-04-12T16:14:21.083] [DEBUG] cheese - null
[2020-04-12T16:14:21.083] [DEBUG] cheese - null
[2020-04-12T16:14:31.545] [DEBUG] cheese - login => username:admin,password:123456
[2020-04-12T16:14:31.545] [DEBUG] cheese - admin
[2020-04-12T16:14:31.547] [DEBUG] cheese - null
[2020-04-12T16:14:31.547] [DEBUG] cheese - null
[2020-04-12T16:28:33.435] [DEBUG] cheese - login => username:admin,password:123456
[2020-04-12T16:28:33.435] [DEBUG] cheese - admin
[2020-04-12T16:28:33.438] [DEBUG] cheese - null
[2020-04-12T16:28:33.438] [DEBUG] cheese - null
[2020-04-12T17:34:10.914] [DEBUG] cheese - login => username:admin,password:123456
[2020-04-12T17:34:10.916] [DEBUG] cheese - admin
[2020-04-12T17:34:10.973] [DEBUG] cheese - null
[2020-04-12T17:34:10.974] [DEBUG] cheese - null
[2020-04-12T17:36:53.742] [DEBUG] cheese - login => username:admin,password:123456dsd
[2020-04-12T17:36:53.744] [DEBUG] cheese - admin
[2020-04-12T17:36:53.749] [DEBUG] cheese - null
[2020-04-12T17:36:53.750] [DEBUG] cheese - null
[2020-04-12T17:37:01.181] [DEBUG] cheese - login => username:tian7712,password:123456
[2020-04-12T17:37:01.181] [DEBUG] cheese - tian7712
[2020-04-12T17:37:01.184] [DEBUG] cheese - null
[2020-04-12T17:37:01.184] [DEBUG] cheese - null
[2020-04-12T17:37:11.351] [DEBUG] cheese - login => username:admin,password:123456
[2020-04-12T17:37:11.351] [DEBUG] cheese - admin
[2020-04-12T17:37:11.356] [DEBUG] cheese - null
[2020-04-12T17:37:11.357] [DEBUG] cheese - null
[2020-04-12T17:38:53.846] [DEBUG] cheese - login => username:tian1,password:123456
[2020-04-12T17:38:53.846] [DEBUG] cheese - tian1
[2020-04-12T17:38:53.849] [DEBUG] cheese - null
[2020-04-12T17:38:53.849] [DEBUG] cheese - null
[2020-04-12T17:39:05.550] [DEBUG] cheese - login => username:tian1,password:123456
[2020-04-12T17:39:05.551] [DEBUG] cheese - tian1
[2020-04-12T17:39:05.578] [DEBUG] cheese - null
[2020-04-12T17:39:05.578] [DEBUG] cheese - null
[2020-04-12T17:39:39.869] [DEBUG] cheese - login => username:tian1,password:123456
[2020-04-12T17:39:39.871] [DEBUG] cheese - tian1
[2020-04-12T17:39:39.881] [DEBUG] cheese - null
[2020-04-12T17:39:39.881] [DEBUG] cheese - null
[2020-04-12T17:39:43.707] [DEBUG] cheese - login => username:admin,password:123456
[2020-04-12T17:39:43.707] [DEBUG] cheese - admin
[2020-04-12T17:39:43.713] [DEBUG] cheese - null
[2020-04-12T17:39:43.713] [DEBUG] cheese - null
[2020-04-12T17:39:51.976] [DEBUG] cheese - login => username:tian7712,password:123456
[2020-04-12T17:39:51.977] [DEBUG] cheese - tian7712
[2020-04-12T17:39:51.985] [DEBUG] cheese - null
[2020-04-12T17:39:51.985] [DEBUG] cheese - null
[2020-04-12T17:40:04.367] [DEBUG] cheese - login => username:admin,password:123456
[2020-04-12T17:40:04.367] [DEBUG] cheese - admin
[2020-04-12T17:40:04.371] [DEBUG] cheese - null
[2020-04-12T17:40:04.371] [DEBUG] cheese - null
[2020-04-12T17:40:47.629] [DEBUG] cheese - login => username:tian1,password:123456
[2020-04-12T17:40:47.629] [DEBUG] cheese - tian1
[2020-04-12T17:40:47.635] [DEBUG] cheese - null
[2020-04-12T17:40:47.635] [DEBUG] cheese - null
[2020-04-12T17:40:51.109] [DEBUG] cheese - null
[2020-04-12T17:40:51.116] [DEBUG] cheese - null
[2020-04-12T17:40:56.785] [DEBUG] cheese - null
[2020-04-12T17:40:56.790] [DEBUG] cheese - null
[2020-04-12T17:41:00.672] [DEBUG] cheese - null
[2020-04-12T17:41:06.780] [DEBUG] cheese - null
[2020-04-12T17:41:06.784] [DEBUG] cheese - null
[2020-04-12T17:41:08.250] [DEBUG] cheese - null
[2020-04-12T17:41:08.258] [DEBUG] cheese - null
[2020-04-12T17:41:09.215] [DEBUG] cheese - null
[2020-04-12T17:41:09.219] [DEBUG] cheese - null
[2020-04-12T17:41:12.347] [DEBUG] cheese - null
[2020-04-12T17:41:12.351] [DEBUG] cheese - null
[2020-04-12T17:41:20.199] [DEBUG] cheese - null
[2020-04-12T17:41:20.204] [DEBUG] cheese - null
[2020-04-12T17:41:22.437] [DEBUG] cheese - null
[2020-04-12T17:41:22.444] [DEBUG] cheese - null
[2020-04-12T17:41:25.480] [DEBUG] cheese - null
[2020-04-12T17:41:25.484] [DEBUG] cheese - null
[2020-04-12T17:41:27.366] [DEBUG] cheese - null
[2020-04-12T17:41:27.369] [DEBUG] cheese - null
[2020-04-12T17:41:49.040] [DEBUG] cheese - login => username:tian7712,password:123456
[2020-04-12T17:41:49.040] [DEBUG] cheese - tian7712
[2020-04-12T17:41:49.050] [DEBUG] cheese - null
[2020-04-12T17:41:49.050] [DEBUG] cheese - null
[2020-04-12T19:43:40.331] [DEBUG] cheese - login => username:admin,password:123456
[2020-04-12T19:43:40.332] [DEBUG] cheese - admin
[2020-04-12T19:43:40.342] [DEBUG] cheese - null
[2020-04-12T19:43:40.343] [DEBUG] cheese - null
[2020-04-12T19:44:55.065] [DEBUG] cheese - login => username:admin,password:123456
[2020-04-12T19:44:55.065] [DEBUG] cheese - admin
[2020-04-12T19:44:55.069] [DEBUG] cheese - null
[2020-04-12T19:44:55.069] [DEBUG] cheese - null
[2020-04-12T19:47:25.952] [DEBUG] cheese - login => username:admin,password:123456
[2020-04-12T19:47:25.953] [DEBUG] cheese - admin
[2020-04-12T19:47:25.955] [DEBUG] cheese - null
[2020-04-12T19:47:25.955] [DEBUG] cheese - null
[2020-04-12T19:48:11.058] [DEBUG] cheese - login => username:admin,password:123456
[2020-04-12T19:48:11.058] [DEBUG] cheese - admin
[2020-04-12T19:48:11.060] [DEBUG] cheese - null
[2020-04-12T19:48:11.061] [DEBUG] cheese - null
[2020-04-12T19:54:58.387] [DEBUG] cheese - login => username:admin,password:123456
[2020-04-12T19:54:58.388] [DEBUG] cheese - admin
[2020-04-12T19:54:58.391] [DEBUG] cheese - null
[2020-04-12T19:54:58.392] [DEBUG] cheese - null
[2020-04-12T19:56:03.105] [DEBUG] cheese - login => username:tian7712,password:123456
[2020-04-12T19:56:03.105] [DEBUG] cheese - tian7712
[2020-04-12T19:56:03.108] [DEBUG] cheese - null
[2020-04-12T19:56:03.108] [DEBUG] cheese - null
[2020-04-12T19:56:05.939] [DEBUG] cheese - null
[2020-04-12T19:56:05.942] [DEBUG] cheese - null
[2020-04-12T19:56:14.616] [DEBUG] cheese - null
[2020-04-12T19:56:14.619] [DEBUG] cheese - null
[2020-04-12T19:56:17.392] [DEBUG] cheese - null
[2020-04-12T19:56:17.395] [DEBUG] cheese - null
[2020-04-12T19:56:19.664] [DEBUG] cheese - null
[2020-04-12T19:56:19.665] [DEBUG] cheese - null
[2020-04-12T19:56:30.469] [DEBUG] cheese - null
[2020-04-12T19:56:30.472] [DEBUG] cheese - null
[2020-04-12T19:56:36.530] [DEBUG] cheese - null
[2020-04-12T19:56:36.533] [DEBUG] cheese - null
[2020-04-12T19:56:40.397] [DEBUG] cheese - null
[2020-04-12T19:56:40.402] [DEBUG] cheese - null
[2020-04-12T19:56:42.392] [DEBUG] cheese - null
[2020-04-12T19:56:42.394] [DEBUG] cheese - null
[2020-04-12T19:56:45.438] [DEBUG] cheese - login => username:admin,password:123456
[2020-04-12T19:56:45.438] [DEBUG] cheese - admin
[2020-04-12T19:56:45.439] [DEBUG] cheese - null
[2020-04-12T19:56:45.440] [DEBUG] cheese - null
